<?xml version="1.0" encoding="UTF-8"?>
<!-- Generated by org.testng.reporters.JUnitReportReporter -->
<testsuite hostname="KARTHIK" name="test.cmslandtestandlinkverify" tests="1" failures="0" timestamp="1 May 2020 12:25:19 GMT" time="75.043" errors="0">
  <testcase name="verifylandingpage" time="75.043" classname="test.cmslandtestandlinkverify"/>
</testsuite> <!-- test.cmslandtestandlinkverify -->
